<?xml version="1.0" encoding="UTF-8"?>
<!-- Generated by org.testng.reporters.JUnitReportReporter -->
<testsuite skipped="0" hostname="DESKTOP-7Q00M93" name="com.maven.project.GetTitleTest" tests="1" failures="0" timestamp="05 May 2019 12:12:59 GMT" time="1.738" errors="0">
  <testcase name="getTitle" time="1.738" classname="com.maven.project.GetTitleTest"/>
</testsuite> <!-- com.maven.project.GetTitleTest -->
