<?xml version="1.0" encoding="UTF-8"?>
<!-- Generated by org.testng.reporters.JUnitReportReporter -->
<testsuite skipped="0" hostname="DESKTOP-7Q00M93" name="com.maven.project.LoginTest" tests="1" failures="0" timestamp="05 May 2019 12:12:59 GMT" time="8.578" errors="0">
  <testcase name="loginTest" time="8.578" classname="com.maven.project.LoginTest"/>
</testsuite> <!-- com.maven.project.LoginTest -->
